<?xml version="1.0" encoding="utf-8"?>
<!DOCTYPE coverage SYSTEM "http://cobertura.sourceforge.net/xml/coverage-04.dtd">
<coverage line-rate="0.950819672131147" branch-rate="0.908333333333333" lines-covered="348" lines-valid="366" branches-covered="109" branches-valid="120" complexity="145" version="0" timestamp="1728916284">
  <sources>
    <source>C:\Users\USER\</source>
  </sources>
  <packages>
    <package name="lab1" line-rate="0.931034482758621" branch-rate="0.961538461538462" complexity="27">
      <classes>
        <class name="lab1.CalculateFile" filename="C:\Users\USER\source\repos\lab1\lab1\CalculateFile.cs" line-rate="0.981818181818182" branch-rate="0.961538461538462" complexity="26">
          <methods>
            <method name="ProcessFiles" signature="()" line-rate="0.981818181818182" branch-rate="0.961538461538462" complexity="26">
              <lines>
                <line number="12" hits="5" branch="false" />
                <line number="13" hits="5" branch="false" />
                <line number="14" hits="5" branch="false" />
                <line number="17" hits="5" branch="false" />
                <line number="18" hits="5" branch="false" />
                <line number="19" hits="5" branch="false" />
                <line number="20" hits="5" branch="false" />
                <line number="21" hits="5" branch="false" />
                <line number="22" hits="5" branch="true" condition-coverage="75% (3/4)" />
                <line number="23" hits="1" branch="false" />
                <line number="24" hits="4" branch="false" />
                <line number="25" hits="4" branch="false" />
                <line number="26" hits="4" branch="true" condition-coverage="100% (2/2)" />
                <line number="27" hits="1" branch="false" />
                <line number="28" hits="20" branch="true" condition-coverage="100% (2/2)" />
                <line number="29" hits="8" branch="false" />
                <line number="30" hits="8" branch="false" />
                <line number="31" hits="8" branch="true" condition-coverage="100% (4/4)" />
                <line number="32" hits="1" branch="false" />
                <line number="33" hits="7" branch="false" />
                <line number="34" hits="2" branch="false" />
                <line number="35" hits="3" branch="false" />
                <line number="36" hits="3" branch="false" />
                <line number="37" hits="3" branch="false" />
                <line number="39" hits="2" branch="false" />
                <line number="40" hits="2" branch="false" />
                <line number="41" hits="2" branch="false" />
                <line number="42" hits="6" branch="true" condition-coverage="100% (2/2)" />
                <line number="43" hits="4" branch="false" />
                <line number="44" hits="4" branch="false" />
                <line number="45" hits="4" branch="false" />
                <line number="46" hits="7" branch="true" condition-coverage="100% (2/2)" />
                <line number="47" hits="3" branch="false" />
                <line number="48" hits="3" branch="false" />
                <line number="49" hits="3" branch="false" />
                <line number="50" hits="8" branch="true" condition-coverage="100% (2/2)" />
                <line number="51" hits="6" branch="false" />
                <line number="52" hits="6" branch="true" condition-coverage="100% (2/2)" />
                <line number="53" hits="2" branch="true" condition-coverage="100% (2/2)" />
                <line number="54" hits="1" branch="false" />
                <line number="56" hits="1" branch="false" />
                <line number="57" hits="5" branch="true" condition-coverage="100% (2/2)" />
                <line number="58" hits="1" branch="false" />
                <line number="59" hits="4" branch="false" />
                <line number="60" hits="1" branch="true" condition-coverage="100% (2/2)" />
                <line number="61" hits="0" branch="false" />
                <line number="62" hits="1" branch="false" />
                <line number="63" hits="1" branch="false" />
                <line number="65" hits="4" branch="false" />
                <line number="66" hits="5" branch="false" />
                <line number="67" hits="3" branch="false" />
                <line number="68" hits="3" branch="false" />
                <line number="69" hits="4" branch="false" />
                <line number="70" hits="2" branch="false" />
                <line number="71" hits="2" branch="false" />
              </lines>
            </method>
          </methods>
          <lines>
            <line number="12" hits="5" branch="false" />
            <line number="13" hits="5" branch="false" />
            <line number="14" hits="5" branch="false" />
            <line number="17" hits="5" branch="false" />
            <line number="18" hits="5" branch="false" />
            <line number="19" hits="5" branch="false" />
            <line number="20" hits="5" branch="false" />
            <line number="21" hits="5" branch="false" />
            <line number="22" hits="5" branch="true" condition-coverage="75% (3/4)" />
            <line number="23" hits="1" branch="false" />
            <line number="24" hits="4" branch="false" />
            <line number="25" hits="4" branch="false" />
            <line number="26" hits="4" branch="true" condition-coverage="100% (2/2)" />
            <line number="27" hits="1" branch="false" />
            <line number="28" hits="20" branch="true" condition-coverage="100% (2/2)" />
            <line number="29" hits="8" branch="false" />
            <line number="30" hits="8" branch="false" />
            <line number="31" hits="8" branch="true" condition-coverage="100% (4/4)" />
            <line number="32" hits="1" branch="false" />
            <line number="33" hits="7" branch="false" />
            <line number="34" hits="2" branch="false" />
            <line number="35" hits="3" branch="false" />
            <line number="36" hits="3" branch="false" />
            <line number="37" hits="3" branch="false" />
            <line number="39" hits="2" branch="false" />
            <line number="40" hits="2" branch="false" />
            <line number="41" hits="2" branch="false" />
            <line number="42" hits="6" branch="true" condition-coverage="100% (2/2)" />
            <line number="43" hits="4" branch="false" />
            <line number="44" hits="4" branch="false" />
            <line number="45" hits="4" branch="false" />
            <line number="46" hits="7" branch="true" condition-coverage="100% (2/2)" />
            <line number="47" hits="3" branch="false" />
            <line number="48" hits="3" branch="false" />
            <line number="49" hits="3" branch="false" />
            <line number="50" hits="8" branch="true" condition-coverage="100% (2/2)" />
            <line number="51" hits="6" branch="false" />
            <line number="52" hits="6" branch="true" condition-coverage="100% (2/2)" />
            <line number="53" hits="2" branch="true" condition-coverage="100% (2/2)" />
            <line number="54" hits="1" branch="false" />
            <line number="56" hits="1" branch="false" />
            <line number="57" hits="5" branch="true" condition-coverage="100% (2/2)" />
            <line number="58" hits="1" branch="false" />
            <line number="59" hits="4" branch="false" />
            <line number="60" hits="1" branch="true" condition-coverage="100% (2/2)" />
            <line number="61" hits="0" branch="false" />
            <line number="62" hits="1" branch="false" />
            <line number="63" hits="1" branch="false" />
            <line number="65" hits="4" branch="false" />
            <line number="66" hits="5" branch="false" />
            <line number="67" hits="3" branch="false" />
            <line number="68" hits="3" branch="false" />
            <line number="69" hits="4" branch="false" />
            <line number="70" hits="2" branch="false" />
            <line number="71" hits="2" branch="false" />
          </lines>
        </class>
        <class name="Program" filename="C:\Users\USER\source\repos\lab1\lab1\Program.cs" line-rate="0" branch-rate="1" complexity="1">
          <methods>
            <method name="Main" signature="(...)" line-rate="0" branch-rate="1" complexity="1">
              <lines>
                <line number="7" hits="0" branch="false" />
                <line number="8" hits="0" branch="false" />
                <line number="9" hits="0" branch="false" />
              </lines>
            </method>
          </methods>
          <lines>
            <line number="7" hits="0" branch="false" />
            <line number="8" hits="0" branch="false" />
            <line number="9" hits="0" branch="false" />
          </lines>
        </class>
      </classes>
    </package>
    <package name="lab1.Tests" line-rate="0.971428571428571" branch-rate="1" complexity="6">
      <classes>
        <class name="AutoGeneratedProgram" filename="C:\Users\USER\.nuget\packages\microsoft.net.test.sdk\17.8.0\build\netcoreapp3.1\Microsoft.NET.Test.Sdk.Program.cs" line-rate="0" branch-rate="1" complexity="1">
          <methods>
            <method name="Main" signature="(...)" line-rate="0" branch-rate="1" complexity="1">
              <lines>
                <line number="4" hits="0" branch="false" />
              </lines>
            </method>
          </methods>
          <lines>
            <line number="4" hits="0" branch="false" />
          </lines>
        </class>
        <class name="lab1.Tests.UnitTest1" filename="C:\Users\USER\source\repos\lab1\lab1.Tests\UnitTest1.cs" line-rate="1" branch-rate="1" complexity="5">
          <methods>
            <method name="Test1" signature="()" line-rate="1" branch-rate="1" complexity="1">
              <lines>
                <line number="10" hits="1" branch="false" />
                <line number="12" hits="1" branch="false" />
                <line number="13" hits="1" branch="false" />
                <line number="14" hits="1" branch="false" />
                <line number="17" hits="1" branch="false" />
                <line number="20" hits="1" branch="false" />
                <line number="21" hits="1" branch="false" />
                <line number="22" hits="1" branch="false" />
              </lines>
            </method>
            <method name="Test2" signature="()" line-rate="1" branch-rate="1" complexity="1">
              <lines>
                <line number="26" hits="1" branch="false" />
                <line number="28" hits="1" branch="false" />
                <line number="29" hits="1" branch="false" />
                <line number="30" hits="1" branch="false" />
                <line number="33" hits="1" branch="false" />
                <line number="36" hits="1" branch="false" />
                <line number="37" hits="1" branch="false" />
                <line number="38" hits="1" branch="false" />
              </lines>
            </method>
            <method name="Test_IncorrectLength_ShouldThrowException" signature="()" line-rate="1" branch-rate="1" complexity="1">
              <lines>
                <line number="41" hits="1" branch="false" />
                <line number="43" hits="1" branch="false" />
                <line number="44" hits="1" branch="false" />
                <line number="47" hits="2" branch="false" />
                <line number="50" hits="1" branch="false" />
                <line number="51" hits="1" branch="false" />
              </lines>
            </method>
            <method name="Test_InvalidValue_ShouldThrowException" signature="()" line-rate="1" branch-rate="1" complexity="1">
              <lines>
                <line number="55" hits="1" branch="false" />
                <line number="57" hits="1" branch="false" />
                <line number="58" hits="1" branch="false" />
                <line number="61" hits="2" branch="false" />
                <line number="64" hits="1" branch="false" />
                <line number="65" hits="1" branch="false" />
              </lines>
            </method>
            <method name="Test_LargerThanAllowedInput_ShouldThrowException" signature="()" line-rate="1" branch-rate="1" complexity="1">
              <lines>
                <line number="69" hits="1" branch="false" />
                <line number="71" hits="1" branch="false" />
                <line number="72" hits="1" branch="false" />
                <line number="75" hits="2" branch="false" />
                <line number="78" hits="1" branch="false" />
                <line number="79" hits="1" branch="false" />
              </lines>
            </method>
          </methods>
          <lines>
            <line number="10" hits="1" branch="false" />
            <line number="12" hits="1" branch="false" />
            <line number="13" hits="1" branch="false" />
            <line number="14" hits="1" branch="false" />
            <line number="17" hits="1" branch="false" />
            <line number="20" hits="1" branch="false" />
            <line number="21" hits="1" branch="false" />
            <line number="22" hits="1" branch="false" />
            <line number="26" hits="1" branch="false" />
            <line number="28" hits="1" branch="false" />
            <line number="29" hits="1" branch="false" />
            <line number="30" hits="1" branch="false" />
            <line number="33" hits="1" branch="false" />
            <line number="36" hits="1" branch="false" />
            <line number="37" hits="1" branch="false" />
            <line number="38" hits="1" branch="false" />
            <line number="41" hits="1" branch="false" />
            <line number="43" hits="1" branch="false" />
            <line number="44" hits="1" branch="false" />
            <line number="47" hits="2" branch="false" />
            <line number="50" hits="1" branch="false" />
            <line number="51" hits="1" branch="false" />
            <line number="55" hits="1" branch="false" />
            <line number="57" hits="1" branch="false" />
            <line number="58" hits="1" branch="false" />
            <line number="61" hits="2" branch="false" />
            <line number="64" hits="1" branch="false" />
            <line number="65" hits="1" branch="false" />
            <line number="69" hits="1" branch="false" />
            <line number="71" hits="1" branch="false" />
            <line number="72" hits="1" branch="false" />
            <line number="75" hits="2" branch="false" />
            <line number="78" hits="1" branch="false" />
            <line number="79" hits="1" branch="false" />
          </lines>
        </class>
      </classes>
    </package>
    <package name="lab2" line-rate="0.86046511627907" branch-rate="0.772727272727273" complexity="23">
      <classes>
        <class name="lab2.CalculateFile" filename="C:\Users\USER\source\repos\lab1\lab2\CalculateFile.cs" line-rate="0.925" branch-rate="0.772727272727273" complexity="22">
          <methods>
            <method name="ProcessFiles" signature="()" line-rate="0.925" branch-rate="0.772727272727273" complexity="22">
              <lines>
                <line number="12" hits="6" branch="false" />
                <line number="13" hits="6" branch="false" />
                <line number="15" hits="6" branch="true" condition-coverage="100% (2/2)" />
                <line number="17" hits="6" branch="false" />
                <line number="20" hits="6" branch="false" />
                <line number="21" hits="6" branch="true" condition-coverage="75% (3/4)" />
                <line number="22" hits="1" branch="false" />
                <line number="24" hits="76" branch="true" condition-coverage="100% (2/2)" />
                <line number="25" hits="31" branch="false" />
                <line number="26" hits="31" branch="true" condition-coverage="75% (3/4)" />
                <line number="27" hits="1" branch="false" />
                <line number="28" hits="30" branch="false" />
                <line number="29" hits="4" branch="false" />
                <line number="30" hits="2" branch="false" />
                <line number="31" hits="2" branch="false" />
                <line number="32" hits="2" branch="false" />
                <line number="33" hits="2" branch="false" />
                <line number="37" hits="4" branch="false" />
                <line number="40" hits="66" branch="true" condition-coverage="100% (2/2)" />
                <line number="41" hits="29" branch="false" />
                <line number="42" hits="29" branch="false" />
                <line number="43" hits="29" branch="false" />
                <line number="45" hits="58" branch="true" condition-coverage="100% (2/2)" />
                <line number="46" hits="25" branch="false" />
                <line number="47" hits="254" branch="true" condition-coverage="100% (2/2)" />
                <line number="48" hits="102" branch="false" />
                <line number="49" hits="102" branch="false" />
                <line number="50" hits="102" branch="false" />
                <line number="51" hits="102" branch="false" />
                <line number="52" hits="102" branch="false" />
                <line number="53" hits="102" branch="false" />
                <line number="54" hits="102" branch="false" />
                <line number="55" hits="25" branch="false" />
                <line number="58" hits="4" branch="true" condition-coverage="50% (1/2)" />
                <line number="59" hits="4" branch="false" />
                <line number="60" hits="0" branch="true" condition-coverage="0% (0/2)" />
                <line number="61" hits="0" branch="false" />
                <line number="63" hits="0" branch="false" />
                <line number="65" hits="4" branch="false" />
                <line number="66" hits="4" branch="false" />
              </lines>
            </method>
          </methods>
          <lines>
            <line number="12" hits="6" branch="false" />
            <line number="13" hits="6" branch="false" />
            <line number="15" hits="6" branch="true" condition-coverage="100% (2/2)" />
            <line number="17" hits="6" branch="false" />
            <line number="20" hits="6" branch="false" />
            <line number="21" hits="6" branch="true" condition-coverage="75% (3/4)" />
            <line number="22" hits="1" branch="false" />
            <line number="24" hits="76" branch="true" condition-coverage="100% (2/2)" />
            <line number="25" hits="31" branch="false" />
            <line number="26" hits="31" branch="true" condition-coverage="75% (3/4)" />
            <line number="27" hits="1" branch="false" />
            <line number="28" hits="30" branch="false" />
            <line number="29" hits="4" branch="false" />
            <line number="30" hits="2" branch="false" />
            <line number="31" hits="2" branch="false" />
            <line number="32" hits="2" branch="false" />
            <line number="33" hits="2" branch="false" />
            <line number="37" hits="4" branch="false" />
            <line number="40" hits="66" branch="true" condition-coverage="100% (2/2)" />
            <line number="41" hits="29" branch="false" />
            <line number="42" hits="29" branch="false" />
            <line number="43" hits="29" branch="false" />
            <line number="45" hits="58" branch="true" condition-coverage="100% (2/2)" />
            <line number="46" hits="25" branch="false" />
            <line number="47" hits="254" branch="true" condition-coverage="100% (2/2)" />
            <line number="48" hits="102" branch="false" />
            <line number="49" hits="102" branch="false" />
            <line number="50" hits="102" branch="false" />
            <line number="51" hits="102" branch="false" />
            <line number="52" hits="102" branch="false" />
            <line number="53" hits="102" branch="false" />
            <line number="54" hits="102" branch="false" />
            <line number="55" hits="25" branch="false" />
            <line number="58" hits="4" branch="true" condition-coverage="50% (1/2)" />
            <line number="59" hits="4" branch="false" />
            <line number="60" hits="0" branch="true" condition-coverage="0% (0/2)" />
            <line number="61" hits="0" branch="false" />
            <line number="63" hits="0" branch="false" />
            <line number="65" hits="4" branch="false" />
            <line number="66" hits="4" branch="false" />
          </lines>
        </class>
        <class name="Program" filename="C:\Users\USER\source\repos\lab1\lab2\Program.cs" line-rate="0" branch-rate="1" complexity="1">
          <methods>
            <method name="Main" signature="(...)" line-rate="0" branch-rate="1" complexity="1">
              <lines>
                <line number="6" hits="0" branch="false" />
                <line number="7" hits="0" branch="false" />
                <line number="8" hits="0" branch="false" />
              </lines>
            </method>
          </methods>
          <lines>
            <line number="6" hits="0" branch="false" />
            <line number="7" hits="0" branch="false" />
            <line number="8" hits="0" branch="false" />
          </lines>
        </class>
      </classes>
    </package>
    <package name="lab2.Tests" line-rate="0.977777777777778" branch-rate="1" complexity="7">
      <classes>
        <class name="AutoGeneratedProgram" filename="C:\Users\USER\.nuget\packages\microsoft.net.test.sdk\17.8.0\build\netcoreapp3.1\Microsoft.NET.Test.Sdk.Program.cs" line-rate="0" branch-rate="1" complexity="1">
          <methods>
            <method name="Main" signature="(...)" line-rate="0" branch-rate="1" complexity="1">
              <lines>
                <line number="4" hits="0" branch="false" />
              </lines>
            </method>
          </methods>
          <lines>
            <line number="4" hits="0" branch="false" />
          </lines>
        </class>
        <class name="lab2.Tests.UnitTest2" filename="C:\Users\USER\source\repos\lab1\lab2.Tests\UnitTest1.cs" line-rate="1" branch-rate="1" complexity="6">
          <methods>
            <method name="Test1" signature="()" line-rate="1" branch-rate="1" complexity="1">
              <lines>
                <line number="7" hits="1" branch="false" />
                <line number="9" hits="1" branch="false" />
                <line number="10" hits="1" branch="false" />
                <line number="11" hits="1" branch="false" />
                <line number="14" hits="1" branch="false" />
                <line number="17" hits="1" branch="false" />
                <line number="18" hits="1" branch="false" />
                <line number="19" hits="1" branch="false" />
              </lines>
            </method>
            <method name="Test2" signature="()" line-rate="1" branch-rate="1" complexity="1">
              <lines>
                <line number="23" hits="1" branch="false" />
                <line number="25" hits="1" branch="false" />
                <line number="26" hits="1" branch="false" />
                <line number="27" hits="1" branch="false" />
                <line number="30" hits="1" branch="false" />
                <line number="33" hits="1" branch="false" />
                <line number="34" hits="1" branch="false" />
                <line number="35" hits="1" branch="false" />
              </lines>
            </method>
            <method name="Test3" signature="()" line-rate="1" branch-rate="1" complexity="1">
              <lines>
                <line number="39" hits="1" branch="false" />
                <line number="41" hits="1" branch="false" />
                <line number="42" hits="1" branch="false" />
                <line number="43" hits="1" branch="false" />
                <line number="46" hits="1" branch="false" />
                <line number="49" hits="1" branch="false" />
                <line number="50" hits="1" branch="false" />
                <line number="51" hits="1" branch="false" />
              </lines>
            </method>
            <method name="Test4" signature="()" line-rate="1" branch-rate="1" complexity="1">
              <lines>
                <line number="55" hits="1" branch="false" />
                <line number="57" hits="1" branch="false" />
                <line number="58" hits="1" branch="false" />
                <line number="59" hits="1" branch="false" />
                <line number="62" hits="1" branch="false" />
                <line number="65" hits="1" branch="false" />
                <line number="66" hits="1" branch="false" />
                <line number="67" hits="1" branch="false" />
              </lines>
            </method>
            <method name="Test_InvalidNumberOfElements_ShouldThrowException" signature="()" line-rate="1" branch-rate="1" complexity="1">
              <lines>
                <line number="70" hits="1" branch="false" />
                <line number="72" hits="1" branch="false" />
                <line number="73" hits="1" branch="false" />
                <line number="76" hits="2" branch="false" />
                <line number="77" hits="1" branch="false" />
                <line number="78" hits="1" branch="false" />
              </lines>
            </method>
            <method name="Test_InvalidElementValue_ShouldThrowException" signature="()" line-rate="1" branch-rate="1" complexity="1">
              <lines>
                <line number="82" hits="1" branch="false" />
                <line number="84" hits="1" branch="false" />
                <line number="85" hits="1" branch="false" />
                <line number="88" hits="2" branch="false" />
                <line number="89" hits="1" branch="false" />
                <line number="90" hits="1" branch="false" />
              </lines>
            </method>
          </methods>
          <lines>
            <line number="7" hits="1" branch="false" />
            <line number="9" hits="1" branch="false" />
            <line number="10" hits="1" branch="false" />
            <line number="11" hits="1" branch="false" />
            <line number="14" hits="1" branch="false" />
            <line number="17" hits="1" branch="false" />
            <line number="18" hits="1" branch="false" />
            <line number="19" hits="1" branch="false" />
            <line number="23" hits="1" branch="false" />
            <line number="25" hits="1" branch="false" />
            <line number="26" hits="1" branch="false" />
            <line number="27" hits="1" branch="false" />
            <line number="30" hits="1" branch="false" />
            <line number="33" hits="1" branch="false" />
            <line number="34" hits="1" branch="false" />
            <line number="35" hits="1" branch="false" />
            <line number="39" hits="1" branch="false" />
            <line number="41" hits="1" branch="false" />
            <line number="42" hits="1" branch="false" />
            <line number="43" hits="1" branch="false" />
            <line number="46" hits="1" branch="false" />
            <line number="49" hits="1" branch="false" />
            <line number="50" hits="1" branch="false" />
            <line number="51" hits="1" branch="false" />
            <line number="55" hits="1" branch="false" />
            <line number="57" hits="1" branch="false" />
            <line number="58" hits="1" branch="false" />
            <line number="59" hits="1" branch="false" />
            <line number="62" hits="1" branch="false" />
            <line number="65" hits="1" branch="false" />
            <line number="66" hits="1" branch="false" />
            <line number="67" hits="1" branch="false" />
            <line number="70" hits="1" branch="false" />
            <line number="72" hits="1" branch="false" />
            <line number="73" hits="1" branch="false" />
            <line number="76" hits="2" branch="false" />
            <line number="77" hits="1" branch="false" />
            <line number="78" hits="1" branch="false" />
            <line number="82" hits="1" branch="false" />
            <line number="84" hits="1" branch="false" />
            <line number="85" hits="1" branch="false" />
            <line number="88" hits="2" branch="false" />
            <line number="89" hits="1" branch="false" />
            <line number="90" hits="1" branch="false" />
          </lines>
        </class>
      </classes>
    </package>
    <package name="lab3" line-rate="0.9609375" branch-rate="0.930555555555556" complexity="75">
      <classes>
        <class name="lab3.CalculateFile" filename="C:\Users\USER\source\repos\lab1\lab3\CalculateFile.cs" line-rate="0.984" branch-rate="0.930555555555556" complexity="74">
          <methods>
            <method name="ProcessFiles" signature="()" line-rate="1" branch-rate="1" complexity="1">
              <lines>
                <line number="13" hits="6" branch="false" />
                <line number="14" hits="6" branch="false" />
                <line number="16" hits="2" branch="false" />
                <line number="17" hits="2" branch="false" />
                <line number="19" hits="2" branch="false" />
                <line number="20" hits="2" branch="false" />
              </lines>
            </method>
            <method name="ReadInput" signature="(...)" line-rate="1" branch-rate="1" complexity="14">
              <lines>
                <line number="23" hits="6" branch="false" />
                <line number="24" hits="6" branch="false" />
                <line number="25" hits="6" branch="false" />
                <line number="26" hits="6" branch="false" />
                <line number="27" hits="6" branch="false" />
                <line number="31" hits="6" branch="true" condition-coverage="100% (4/4)" />
                <line number="32" hits="2" branch="false" />
                <line number="34" hits="4" branch="true" condition-coverage="100% (4/4)" />
                <line number="35" hits="2" branch="false" />
                <line number="37" hits="2" branch="false" />
                <line number="41" hits="4" branch="false" />
                <line number="43" hits="36" branch="true" condition-coverage="100% (2/2)" />
                <line number="44" hits="16" branch="false" />
                <line number="45" hits="16" branch="false" />
                <line number="46" hits="352" branch="true" condition-coverage="100% (2/2)" />
                <line number="47" hits="160" branch="false" />
                <line number="48" hits="160" branch="false" />
                <line number="49" hits="160" branch="true" condition-coverage="100% (2/2)" />
                <line number="50" hits="2" branch="false" />
                <line number="51" hits="2" branch="false" />
                <line number="52" hits="2" branch="false" />
                <line number="53" hits="2" branch="false" />
                <line number="54" hits="160" branch="false" />
                <line number="55" hits="16" branch="false" />
                <line number="56" hits="2" branch="false" />
                <line number="57" hits="2" branch="false" />
              </lines>
            </method>
            <method name="FindShortestPath" signature="(...)" line-rate="0.958333333333333" branch-rate="0.928571428571429" complexity="14">
              <lines>
                <line number="60" hits="2" branch="false" />
                <line number="61" hits="2" branch="false" />
                <line number="62" hits="2" branch="false" />
                <line number="64" hits="2" branch="false" />
                <line number="65" hits="2" branch="false" />
                <line number="67" hits="62" branch="true" condition-coverage="50% (1/2)" />
                <line number="68" hits="62" branch="false" />
                <line number="69" hits="62" branch="false" />
                <line number="71" hits="62" branch="true" condition-coverage="100% (4/4)" />
                <line number="72" hits="2" branch="false" />
                <line number="73" hits="2" branch="false" />
                <line number="76" hits="600" branch="true" condition-coverage="100% (2/2)" />
                <line number="77" hits="240" branch="false" />
                <line number="78" hits="240" branch="false" />
                <line number="79" hits="240" branch="false" />
                <line number="81" hits="240" branch="true" condition-coverage="100% (6/6)" />
                <line number="82" hits="63" branch="false" />
                <line number="83" hits="63" branch="false" />
                <line number="84" hits="63" branch="false" />
                <line number="85" hits="63" branch="false" />
                <line number="86" hits="240" branch="false" />
                <line number="87" hits="60" branch="false" />
                <line number="89" hits="0" branch="false" />
                <line number="90" hits="2" branch="false" />
              </lines>
            </method>
            <method name="CanEscape" signature="(...)" line-rate="0.974358974358974" branch-rate="0.954545454545455" complexity="22">
              <lines>
                <line number="93" hits="2" branch="false" />
                <line number="94" hits="2" branch="false" />
                <line number="95" hits="2" branch="false" />
                <line number="96" hits="2" branch="false" />
                <line number="97" hits="2" branch="false" />
                <line number="99" hits="2" branch="false" />
                <line number="100" hits="2" branch="false" />
                <line number="101" hits="2" branch="false" />
                <line number="102" hits="2" branch="false" />
                <line number="104" hits="57" branch="true" condition-coverage="75% (3/4)" />
                <line number="105" hits="57" branch="false" />
                <line number="106" hits="57" branch="true" condition-coverage="100% (2/2)" />
                <line number="107" hits="48" branch="false" />
                <line number="108" hits="48" branch="false" />
                <line number="110" hits="48" branch="false" />
                <line number="111" hits="48" branch="false" />
                <line number="113" hits="57" branch="true" condition-coverage="100% (2/2)" />
                <line number="114" hits="57" branch="false" />
                <line number="115" hits="57" branch="false" />
                <line number="117" hits="562" branch="true" condition-coverage="100% (2/2)" />
                <line number="118" hits="226" branch="false" />
                <line number="119" hits="226" branch="false" />
                <line number="120" hits="226" branch="false" />
                <line number="122" hits="226" branch="true" condition-coverage="100% (6/6)" />
                <line number="123" hits="60" branch="false" />
                <line number="124" hits="60" branch="false" />
                <line number="125" hits="60" branch="false" />
                <line number="127" hits="60" branch="true" condition-coverage="100% (4/4)" />
                <line number="128" hits="2" branch="false" />
                <line number="129" hits="2" branch="true" condition-coverage="100% (2/2)" />
                <line number="130" hits="1" branch="false" />
                <line number="131" hits="1" branch="false" />
                <line number="133" hits="1" branch="false" />
                <line number="135" hits="58" branch="false" />
                <line number="136" hits="224" branch="false" />
                <line number="137" hits="55" branch="false" />
                <line number="138" hits="55" branch="false" />
                <line number="139" hits="0" branch="false" />
                <line number="140" hits="2" branch="false" />
              </lines>
            </method>
            <method name="MoveTigerToSlave" signature="(...)" line-rate="1" branch-rate="1" complexity="14">
              <lines>
                <line number="143" hits="48" branch="false" />
                <line number="144" hits="476" branch="true" condition-coverage="100% (2/2)" />
                <line number="145" hits="191" branch="false" />
                <line number="146" hits="191" branch="false" />
                <line number="147" hits="191" branch="false" />
                <line number="149" hits="191" branch="true" condition-coverage="100% (6/6)" />
                <line number="150" hits="49" branch="false" />
                <line number="151" hits="49" branch="false" />
                <line number="152" hits="49" branch="false" />
                <line number="154" hits="396" branch="true" condition-coverage="100% (2/2)" />
                <line number="155" hits="125" branch="false" />
                <line number="156" hits="125" branch="true" condition-coverage="100% (4/4)" />
                <line number="157" hits="1" branch="false" />
                <line number="158" hits="1" branch="false" />
                <line number="160" hits="124" branch="false" />
                <line number="161" hits="48" branch="false" />
                <line number="162" hits="190" branch="false" />
                <line number="163" hits="48" branch="false" />
              </lines>
            </method>
            <method name="IsInBounds" signature="(...)" line-rate="1" branch-rate="0.5" complexity="6">
              <lines>
                <line number="166" hits="657" branch="false" />
                <line number="167" hits="657" branch="true" condition-coverage="50% (3/6)" />
                <line number="168" hits="657" branch="false" />
              </lines>
            </method>
            <method name="WriteOutput" signature="(...)" line-rate="1" branch-rate="1" complexity="2">
              <lines>
                <line number="171" hits="2" branch="false" />
                <line number="172" hits="2" branch="false" />
                <line number="173" hits="2" branch="false" />
                <line number="174" hits="2" branch="false" />
                <line number="175" hits="2" branch="true" condition-coverage="100% (2/2)" />
                <line number="176" hits="2" branch="false" />
                <line number="177" hits="2" branch="false" />
              </lines>
            </method>
            <method name=".cctor" signature="()" line-rate="1" branch-rate="1" complexity="1">
              <lines>
                <line number="9" hits="1" branch="false" />
                <line number="10" hits="1" branch="false" />
              </lines>
            </method>
          </methods>
          <lines>
            <line number="9" hits="1" branch="false" />
            <line number="10" hits="1" branch="false" />
            <line number="13" hits="6" branch="false" />
            <line number="14" hits="6" branch="false" />
            <line number="16" hits="2" branch="false" />
            <line number="17" hits="2" branch="false" />
            <line number="19" hits="2" branch="false" />
            <line number="20" hits="2" branch="false" />
            <line number="23" hits="6" branch="false" />
            <line number="24" hits="6" branch="false" />
            <line number="25" hits="6" branch="false" />
            <line number="26" hits="6" branch="false" />
            <line number="27" hits="6" branch="false" />
            <line number="31" hits="6" branch="true" condition-coverage="100% (4/4)" />
            <line number="32" hits="2" branch="false" />
            <line number="34" hits="4" branch="true" condition-coverage="100% (4/4)" />
            <line number="35" hits="2" branch="false" />
            <line number="37" hits="2" branch="false" />
            <line number="41" hits="4" branch="false" />
            <line number="43" hits="36" branch="true" condition-coverage="100% (2/2)" />
            <line number="44" hits="16" branch="false" />
            <line number="45" hits="16" branch="false" />
            <line number="46" hits="352" branch="true" condition-coverage="100% (2/2)" />
            <line number="47" hits="160" branch="false" />
            <line number="48" hits="160" branch="false" />
            <line number="49" hits="160" branch="true" condition-coverage="100% (2/2)" />
            <line number="50" hits="2" branch="false" />
            <line number="51" hits="2" branch="false" />
            <line number="52" hits="2" branch="false" />
            <line number="53" hits="2" branch="false" />
            <line number="54" hits="160" branch="false" />
            <line number="55" hits="16" branch="false" />
            <line number="56" hits="2" branch="false" />
            <line number="57" hits="2" branch="false" />
            <line number="60" hits="2" branch="false" />
            <line number="61" hits="2" branch="false" />
            <line number="62" hits="2" branch="false" />
            <line number="64" hits="2" branch="false" />
            <line number="65" hits="2" branch="false" />
            <line number="67" hits="62" branch="true" condition-coverage="50% (1/2)" />
            <line number="68" hits="62" branch="false" />
            <line number="69" hits="62" branch="false" />
            <line number="71" hits="62" branch="true" condition-coverage="100% (4/4)" />
            <line number="72" hits="2" branch="false" />
            <line number="73" hits="2" branch="false" />
            <line number="76" hits="600" branch="true" condition-coverage="100% (2/2)" />
            <line number="77" hits="240" branch="false" />
            <line number="78" hits="240" branch="false" />
            <line number="79" hits="240" branch="false" />
            <line number="81" hits="240" branch="true" condition-coverage="100% (6/6)" />
            <line number="82" hits="63" branch="false" />
            <line number="83" hits="63" branch="false" />
            <line number="84" hits="63" branch="false" />
            <line number="85" hits="63" branch="false" />
            <line number="86" hits="240" branch="false" />
            <line number="87" hits="60" branch="false" />
            <line number="89" hits="0" branch="false" />
            <line number="90" hits="2" branch="false" />
            <line number="93" hits="2" branch="false" />
            <line number="94" hits="2" branch="false" />
            <line number="95" hits="2" branch="false" />
            <line number="96" hits="2" branch="false" />
            <line number="97" hits="2" branch="false" />
            <line number="99" hits="2" branch="false" />
            <line number="100" hits="2" branch="false" />
            <line number="101" hits="2" branch="false" />
            <line number="102" hits="2" branch="false" />
            <line number="104" hits="57" branch="true" condition-coverage="75% (3/4)" />
            <line number="105" hits="57" branch="false" />
            <line number="106" hits="57" branch="true" condition-coverage="100% (2/2)" />
            <line number="107" hits="48" branch="false" />
            <line number="108" hits="48" branch="false" />
            <line number="110" hits="48" branch="false" />
            <line number="111" hits="48" branch="false" />
            <line number="113" hits="57" branch="true" condition-coverage="100% (2/2)" />
            <line number="114" hits="57" branch="false" />
            <line number="115" hits="57" branch="false" />
            <line number="117" hits="562" branch="true" condition-coverage="100% (2/2)" />
            <line number="118" hits="226" branch="false" />
            <line number="119" hits="226" branch="false" />
            <line number="120" hits="226" branch="false" />
            <line number="122" hits="226" branch="true" condition-coverage="100% (6/6)" />
            <line number="123" hits="60" branch="false" />
            <line number="124" hits="60" branch="false" />
            <line number="125" hits="60" branch="false" />
            <line number="127" hits="60" branch="true" condition-coverage="100% (4/4)" />
            <line number="128" hits="2" branch="false" />
            <line number="129" hits="2" branch="true" condition-coverage="100% (2/2)" />
            <line number="130" hits="1" branch="false" />
            <line number="131" hits="1" branch="false" />
            <line number="133" hits="1" branch="false" />
            <line number="135" hits="58" branch="false" />
            <line number="136" hits="224" branch="false" />
            <line number="137" hits="55" branch="false" />
            <line number="138" hits="55" branch="false" />
            <line number="139" hits="0" branch="false" />
            <line number="140" hits="2" branch="false" />
            <line number="143" hits="48" branch="false" />
            <line number="144" hits="476" branch="true" condition-coverage="100% (2/2)" />
            <line number="145" hits="191" branch="false" />
            <line number="146" hits="191" branch="false" />
            <line number="147" hits="191" branch="false" />
            <line number="149" hits="191" branch="true" condition-coverage="100% (6/6)" />
            <line number="150" hits="49" branch="false" />
            <line number="151" hits="49" branch="false" />
            <line number="152" hits="49" branch="false" />
            <line number="154" hits="396" branch="true" condition-coverage="100% (2/2)" />
            <line number="155" hits="125" branch="false" />
            <line number="156" hits="125" branch="true" condition-coverage="100% (4/4)" />
            <line number="157" hits="1" branch="false" />
            <line number="158" hits="1" branch="false" />
            <line number="160" hits="124" branch="false" />
            <line number="161" hits="48" branch="false" />
            <line number="162" hits="190" branch="false" />
            <line number="163" hits="48" branch="false" />
            <line number="166" hits="657" branch="false" />
            <line number="167" hits="657" branch="true" condition-coverage="50% (3/6)" />
            <line number="168" hits="657" branch="false" />
            <line number="171" hits="2" branch="false" />
            <line number="172" hits="2" branch="false" />
            <line number="173" hits="2" branch="false" />
            <line number="174" hits="2" branch="false" />
            <line number="175" hits="2" branch="true" condition-coverage="100% (2/2)" />
            <line number="176" hits="2" branch="false" />
            <line number="177" hits="2" branch="false" />
          </lines>
        </class>
        <class name="Program" filename="C:\Users\USER\source\repos\lab1\lab3\Program.cs" line-rate="0" branch-rate="1" complexity="1">
          <methods>
            <method name="Main" signature="(...)" line-rate="0" branch-rate="1" complexity="1">
              <lines>
                <line number="6" hits="0" branch="false" />
                <line number="7" hits="0" branch="false" />
                <line number="8" hits="0" branch="false" />
              </lines>
            </method>
          </methods>
          <lines>
            <line number="6" hits="0" branch="false" />
            <line number="7" hits="0" branch="false" />
            <line number="8" hits="0" branch="false" />
          </lines>
        </class>
      </classes>
    </package>
    <package name="lab3.Tests" line-rate="0.982456140350877" branch-rate="1" complexity="7">
      <classes>
        <class name="AutoGeneratedProgram" filename="C:\Users\USER\.nuget\packages\microsoft.net.test.sdk\17.8.0\build\netcoreapp3.1\Microsoft.NET.Test.Sdk.Program.cs" line-rate="0" branch-rate="1" complexity="1">
          <methods>
            <method name="Main" signature="(...)" line-rate="0" branch-rate="1" complexity="1">
              <lines>
                <line number="4" hits="0" branch="false" />
              </lines>
            </method>
          </methods>
          <lines>
            <line number="4" hits="0" branch="false" />
          </lines>
        </class>
        <class name="lab3.Tests.UnitTest1" filename="C:\Users\USER\source\repos\lab1\lab3.Tests\UnitTest1.cs" line-rate="1" branch-rate="1" complexity="6">
          <methods>
            <method name="Test1" signature="()" line-rate="1" branch-rate="1" complexity="1">
              <lines>
                <line number="7" hits="1" branch="false" />
                <line number="9" hits="1" branch="false" />
                <line number="10" hits="1" branch="false" />
                <line number="13" hits="1" branch="false" />
                <line number="14" hits="1" branch="false" />
                <line number="15" hits="1" branch="false" />
                <line number="16" hits="1" branch="false" />
                <line number="17" hits="1" branch="false" />
                <line number="18" hits="1" branch="false" />
                <line number="19" hits="1" branch="false" />
                <line number="20" hits="1" branch="false" />
                <line number="21" hits="1" branch="false" />
                <line number="24" hits="1" branch="false" />
                <line number="27" hits="1" branch="false" />
                <line number="28" hits="1" branch="false" />
                <line number="29" hits="1" branch="false" />
              </lines>
            </method>
            <method name="Test2" signature="()" line-rate="1" branch-rate="1" complexity="1">
              <lines>
                <line number="32" hits="1" branch="false" />
                <line number="34" hits="1" branch="false" />
                <line number="35" hits="1" branch="false" />
                <line number="38" hits="1" branch="false" />
                <line number="39" hits="1" branch="false" />
                <line number="40" hits="1" branch="false" />
                <line number="41" hits="1" branch="false" />
                <line number="42" hits="1" branch="false" />
                <line number="43" hits="1" branch="false" />
                <line number="44" hits="1" branch="false" />
                <line number="45" hits="1" branch="false" />
                <line number="46" hits="1" branch="false" />
                <line number="49" hits="1" branch="false" />
                <line number="52" hits="1" branch="false" />
                <line number="53" hits="1" branch="false" />
                <line number="54" hits="1" branch="false" />
              </lines>
            </method>
            <method name="Test_InvalidNValue_TooLow_ShouldThrowException" signature="()" line-rate="1" branch-rate="1" complexity="1">
              <lines>
                <line number="58" hits="1" branch="false" />
                <line number="60" hits="1" branch="false" />
                <line number="61" hits="1" branch="false" />
                <line number="64" hits="2" branch="false" />
                <line number="65" hits="1" branch="false" />
                <line number="66" hits="1" branch="false" />
              </lines>
            </method>
            <method name="Test_InvalidNValue_TooHigh_ShouldThrowException" signature="()" line-rate="1" branch-rate="1" complexity="1">
              <lines>
                <line number="70" hits="1" branch="false" />
                <line number="72" hits="1" branch="false" />
                <line number="73" hits="1" branch="false" />
                <line number="76" hits="2" branch="false" />
                <line number="77" hits="1" branch="false" />
                <line number="78" hits="1" branch="false" />
              </lines>
            </method>
            <method name="Test_InvalidMValue_TooLow_ShouldThrowException" signature="()" line-rate="1" branch-rate="1" complexity="1">
              <lines>
                <line number="82" hits="1" branch="false" />
                <line number="84" hits="1" branch="false" />
                <line number="85" hits="1" branch="false" />
                <line number="88" hits="2" branch="false" />
                <line number="89" hits="1" branch="false" />
                <line number="90" hits="1" branch="false" />
              </lines>
            </method>
            <method name="Test_InvalidMValue_TooHigh_ShouldThrowException" signature="()" line-rate="1" branch-rate="1" complexity="1">
              <lines>
                <line number="94" hits="1" branch="false" />
                <line number="96" hits="1" branch="false" />
                <line number="97" hits="1" branch="false" />
                <line number="100" hits="2" branch="false" />
                <line number="101" hits="1" branch="false" />
                <line number="102" hits="1" branch="false" />
              </lines>
            </method>
          </methods>
          <lines>
            <line number="7" hits="1" branch="false" />
            <line number="9" hits="1" branch="false" />
            <line number="10" hits="1" branch="false" />
            <line number="13" hits="1" branch="false" />
            <line number="14" hits="1" branch="false" />
            <line number="15" hits="1" branch="false" />
            <line number="16" hits="1" branch="false" />
            <line number="17" hits="1" branch="false" />
            <line number="18" hits="1" branch="false" />
            <line number="19" hits="1" branch="false" />
            <line number="20" hits="1" branch="false" />
            <line number="21" hits="1" branch="false" />
            <line number="24" hits="1" branch="false" />
            <line number="27" hits="1" branch="false" />
            <line number="28" hits="1" branch="false" />
            <line number="29" hits="1" branch="false" />
            <line number="32" hits="1" branch="false" />
            <line number="34" hits="1" branch="false" />
            <line number="35" hits="1" branch="false" />
            <line number="38" hits="1" branch="false" />
            <line number="39" hits="1" branch="false" />
            <line number="40" hits="1" branch="false" />
            <line number="41" hits="1" branch="false" />
            <line number="42" hits="1" branch="false" />
            <line number="43" hits="1" branch="false" />
            <line number="44" hits="1" branch="false" />
            <line number="45" hits="1" branch="false" />
            <line number="46" hits="1" branch="false" />
            <line number="49" hits="1" branch="false" />
            <line number="52" hits="1" branch="false" />
            <line number="53" hits="1" branch="false" />
            <line number="54" hits="1" branch="false" />
            <line number="58" hits="1" branch="false" />
            <line number="60" hits="1" branch="false" />
            <line number="61" hits="1" branch="false" />
            <line number="64" hits="2" branch="false" />
            <line number="65" hits="1" branch="false" />
            <line number="66" hits="1" branch="false" />
            <line number="70" hits="1" branch="false" />
            <line number="72" hits="1" branch="false" />
            <line number="73" hits="1" branch="false" />
            <line number="76" hits="2" branch="false" />
            <line number="77" hits="1" branch="false" />
            <line number="78" hits="1" branch="false" />
            <line number="82" hits="1" branch="false" />
            <line number="84" hits="1" branch="false" />
            <line number="85" hits="1" branch="false" />
            <line number="88" hits="2" branch="false" />
            <line number="89" hits="1" branch="false" />
            <line number="90" hits="1" branch="false" />
            <line number="94" hits="1" branch="false" />
            <line number="96" hits="1" branch="false" />
            <line number="97" hits="1" branch="false" />
            <line number="100" hits="2" branch="false" />
            <line number="101" hits="1" branch="false" />
            <line number="102" hits="1" branch="false" />
          </lines>
        </class>
      </classes>
    </package>
  </packages>
</coverage>