<?xml version="1.0" encoding="utf-8"?>
<coverage line-rate="0.9675" branch-rate="0.9305" version="1.9" timestamp="1728905481" lines-covered="179" lines-valid="185" branches-covered="67" branches-valid="72">
  <sources>
    <source>C:\Users\USER\</source>
  </sources>
  <packages>
    <package name="lab3" line-rate="0.9609000000000001" branch-rate="0.9305" complexity="75">
      <classes>
        <class name="Program" filename="source\repos\lab1\lab3\Program.cs" line-rate="0" branch-rate="1" complexity="1">
          <methods>
            <method name="Main" signature="(System.String[])" line-rate="0" branch-rate="1" complexity="1">
              <lines>
                <line number="6" hits="0" branch="False" />
                <line number="7" hits="0" branch="False" />
                <line number="8" hits="0" branch="False" />
              </lines>
            </method>
          </methods>
          <lines>
            <line number="6" hits="0" branch="False" />
            <line number="7" hits="0" branch="False" />
            <line number="8" hits="0" branch="False" />
          </lines>
        </class>
        <class name="lab3.CalculateFile" filename="source\repos\lab1\lab3\CalculateFile.cs" line-rate="0.9840000000000001" branch-rate="0.9305" complexity="74">
          <methods>
            <method name="ProcessFiles" signature="()" line-rate="1" branch-rate="1" complexity="1">
              <lines>
                <line number="13" hits="6" branch="False" />
                <line number="14" hits="6" branch="False" />
                <line number="16" hits="2" branch="False" />
                <line number="17" hits="2" branch="False" />
                <line number="19" hits="2" branch="False" />
                <line number="20" hits="2" branch="False" />
              </lines>
            </method>
            <method name="ReadInput" signature="(System.String)" line-rate="1" branch-rate="1" complexity="14">
              <lines>
                <line number="23" hits="6" branch="False" />
                <line number="24" hits="6" branch="False" />
                <line number="25" hits="6" branch="False" />
                <line number="26" hits="6" branch="False" />
                <line number="27" hits="6" branch="False" />
                <line number="31" hits="6" branch="True" condition-coverage="100% (4/4)">
                  <conditions>
                    <condition number="42" type="jump" coverage="100%" />
                    <condition number="59" type="jump" coverage="100%" />
                  </conditions>
                </line>
                <line number="32" hits="2" branch="False" />
                <line number="34" hits="4" branch="True" condition-coverage="100% (4/4)">
                  <conditions>
                    <condition number="74" type="jump" coverage="100%" />
                    <condition number="91" type="jump" coverage="100%" />
                  </conditions>
                </line>
                <line number="35" hits="2" branch="False" />
                <line number="37" hits="2" branch="False" />
                <line number="41" hits="4" branch="False" />
                <line number="43" hits="36" branch="True" condition-coverage="100% (2/2)">
                  <conditions>
                    <condition number="222" type="jump" coverage="100%" />
                  </conditions>
                </line>
                <line number="44" hits="16" branch="False" />
                <line number="45" hits="16" branch="False" />
                <line number="46" hits="352" branch="True" condition-coverage="100% (2/2)">
                  <conditions>
                    <condition number="204" type="jump" coverage="100%" />
                  </conditions>
                </line>
                <line number="47" hits="160" branch="False" />
                <line number="48" hits="160" branch="False" />
                <line number="49" hits="160" branch="True" condition-coverage="100% (2/2)">
                  <conditions>
                    <condition number="176" type="jump" coverage="100%" />
                  </conditions>
                </line>
                <line number="50" hits="2" branch="False" />
                <line number="51" hits="2" branch="False" />
                <line number="52" hits="2" branch="False" />
                <line number="53" hits="2" branch="False" />
                <line number="54" hits="160" branch="False" />
                <line number="55" hits="16" branch="False" />
                <line number="56" hits="2" branch="False" />
                <line number="57" hits="2" branch="False" />
              </lines>
            </method>
            <method name="FindShortestPath" signature="(System.Char[0...,0...],System.Int32,System.Int32)" line-rate="0.9582999999999999" branch-rate="0.9285" complexity="14">
              <lines>
                <line number="60" hits="2" branch="False" />
                <line number="61" hits="2" branch="False" />
                <line number="62" hits="2" branch="False" />
                <line number="64" hits="2" branch="False" />
                <line number="65" hits="2" branch="False" />
                <line number="67" hits="62" branch="True" condition-coverage="50% (1/2)">
                  <conditions>
                    <condition number="247" type="jump" coverage="50%" />
                  </conditions>
                </line>
                <line number="68" hits="62" branch="False" />
                <line number="69" hits="62" branch="False" />
                <line number="71" hits="62" branch="True" condition-coverage="100% (4/4)">
                  <conditions>
                    <condition number="76" type="jump" coverage="100%" />
                    <condition number="91" type="jump" coverage="100%" />
                  </conditions>
                </line>
                <line number="72" hits="2" branch="False" />
                <line number="73" hits="2" branch="False" />
                <line number="76" hits="600" branch="True" condition-coverage="100% (2/2)">
                  <conditions>
                    <condition number="231" type="jump" coverage="100%" />
                  </conditions>
                </line>
                <line number="77" hits="240" branch="False" />
                <line number="78" hits="240" branch="False" />
                <line number="79" hits="240" branch="False" />
                <line number="81" hits="240" branch="True" condition-coverage="100% (6/6)">
                  <conditions>
                    <condition number="144" type="jump" coverage="100%" />
                    <condition number="158" type="jump" coverage="100%" />
                    <condition number="180" type="jump" coverage="100%" />
                  </conditions>
                </line>
                <line number="82" hits="63" branch="False" />
                <line number="83" hits="63" branch="False" />
                <line number="84" hits="63" branch="False" />
                <line number="85" hits="63" branch="False" />
                <line number="86" hits="240" branch="False" />
                <line number="87" hits="60" branch="False" />
                <line number="89" hits="0" branch="False" />
                <line number="90" hits="2" branch="False" />
              </lines>
            </method>
            <method name="CanEscape" signature="(System.Char[0...,0...],System.Int32,System.Int32,System.Int32,System.Int32)" line-rate="0.9743" branch-rate="0.9545" complexity="22">
              <lines>
                <line number="93" hits="2" branch="False" />
                <line number="94" hits="2" branch="False" />
                <line number="95" hits="2" branch="False" />
                <line number="96" hits="2" branch="False" />
                <line number="97" hits="2" branch="False" />
                <line number="99" hits="2" branch="False" />
                <line number="100" hits="2" branch="False" />
                <line number="101" hits="2" branch="False" />
                <line number="102" hits="2" branch="False" />
                <line number="104" hits="57" branch="True" condition-coverage="75% (3/4)">
                  <conditions>
                    <condition number="389" type="jump" coverage="50%" />
                    <condition number="371" type="jump" coverage="100%" />
                  </conditions>
                </line>
                <line number="105" hits="57" branch="False" />
                <line number="106" hits="57" branch="True" condition-coverage="100% (2/2)">
                  <conditions>
                    <condition number="96" type="jump" coverage="100%" />
                  </conditions>
                </line>
                <line number="107" hits="48" branch="False" />
                <line number="108" hits="48" branch="False" />
                <line number="110" hits="48" branch="False" />
                <line number="111" hits="48" branch="False" />
                <line number="113" hits="57" branch="True" condition-coverage="100% (2/2)">
                  <conditions>
                    <condition number="150" type="jump" coverage="100%" />
                  </conditions>
                </line>
                <line number="114" hits="57" branch="False" />
                <line number="115" hits="57" branch="False" />
                <line number="117" hits="562" branch="True" condition-coverage="100% (2/2)">
                  <conditions>
                    <condition number="357" type="jump" coverage="100%" />
                  </conditions>
                </line>
                <line number="118" hits="226" branch="False" />
                <line number="119" hits="226" branch="False" />
                <line number="120" hits="226" branch="False" />
                <line number="122" hits="226" branch="True" condition-coverage="100% (6/6)">
                  <conditions>
                    <condition number="223" type="jump" coverage="100%" />
                    <condition number="237" type="jump" coverage="100%" />
                    <condition number="259" type="jump" coverage="100%" />
                  </conditions>
                </line>
                <line number="123" hits="60" branch="False" />
                <line number="124" hits="60" branch="False" />
                <line number="125" hits="60" branch="False" />
                <line number="127" hits="60" branch="True" condition-coverage="100% (4/4)">
                  <conditions>
                    <condition number="294" type="jump" coverage="100%" />
                    <condition number="310" type="jump" coverage="100%" />
                  </conditions>
                </line>
                <line number="128" hits="2" branch="False" />
                <line number="129" hits="2" branch="True" condition-coverage="100% (2/2)">
                  <conditions>
                    <condition number="327" type="jump" coverage="100%" />
                  </conditions>
                </line>
                <line number="130" hits="1" branch="False" />
                <line number="131" hits="1" branch="False" />
                <line number="133" hits="1" branch="False" />
                <line number="135" hits="58" branch="False" />
                <line number="136" hits="224" branch="False" />
                <line number="137" hits="55" branch="False" />
                <line number="138" hits="55" branch="False" />
                <line number="139" hits="0" branch="False" />
                <line number="140" hits="2" branch="False" />
              </lines>
            </method>
            <method name="MoveTigerToSlave" signature="(System.Char[0...,0...],System.Int32,System.Int32,System.Collections.Generic.Queue`1&lt;System.ValueTuple`2&lt;System.Int32,System.Int32&gt;&gt;,System.Boolean[0...,0...],System.Int32,System.Int32,System.Collections.Generic.Queue`1&lt;System.ValueTuple`2&lt;System.Int32,System.Int32&gt;&gt;)" line-rate="1" branch-rate="1" complexity="14">
              <lines>
                <line number="143" hits="48" branch="False" />
                <line number="144" hits="476" branch="True" condition-coverage="100% (2/2)">
                  <conditions>
                    <condition number="196" type="jump" coverage="100%" />
                  </conditions>
                </line>
                <line number="145" hits="191" branch="False" />
                <line number="146" hits="191" branch="False" />
                <line number="147" hits="191" branch="False" />
                <line number="149" hits="191" branch="True" condition-coverage="100% (6/6)">
                  <conditions>
                    <condition number="40" type="jump" coverage="100%" />
                    <condition number="52" type="jump" coverage="100%" />
                    <condition number="71" type="jump" coverage="100%" />
                  </conditions>
                </line>
                <line number="150" hits="49" branch="False" />
                <line number="151" hits="49" branch="False" />
                <line number="152" hits="49" branch="False" />
                <line number="154" hits="396" branch="True" condition-coverage="100% (2/2)">
                  <conditions>
                    <condition number="163" type="jump" coverage="100%" />
                  </conditions>
                </line>
                <line number="155" hits="125" branch="False" />
                <line number="156" hits="125" branch="True" condition-coverage="100% (4/4)">
                  <conditions>
                    <condition number="136" type="jump" coverage="100%" />
                    <condition number="150" type="jump" coverage="100%" />
                  </conditions>
                </line>
                <line number="157" hits="1" branch="False" />
                <line number="158" hits="1" branch="False" />
                <line number="160" hits="124" branch="False" />
                <line number="161" hits="48" branch="False" />
                <line number="162" hits="190" branch="False" />
                <line number="163" hits="48" branch="False" />
              </lines>
            </method>
            <method name="IsInBounds" signature="(System.Int32,System.Int32,System.Int32,System.Int32)" line-rate="1" branch-rate="0.5" complexity="6">
              <lines>
                <line number="166" hits="657" branch="False" />
                <line number="167" hits="657" branch="True" condition-coverage="50% (3/6)">
                  <conditions>
                    <condition number="3" type="jump" coverage="50%" />
                    <condition number="7" type="jump" coverage="50%" />
                    <condition number="11" type="jump" coverage="50%" />
                  </conditions>
                </line>
                <line number="168" hits="657" branch="False" />
              </lines>
            </method>
            <method name="WriteOutput" signature="(System.String,System.Int32,System.Boolean)" line-rate="1" branch-rate="1" complexity="2">
              <lines>
                <line number="171" hits="2" branch="False" />
                <line number="172" hits="2" branch="False" />
                <line number="173" hits="2" branch="False" />
                <line number="174" hits="2" branch="False" />
                <line number="175" hits="2" branch="True" condition-coverage="100% (2/2)">
                  <conditions>
                    <condition number="19" type="jump" coverage="100%" />
                  </conditions>
                </line>
                <line number="176" hits="2" branch="False" />
                <line number="177" hits="2" branch="False" />
              </lines>
            </method>
            <method name=".cctor" signature="()" line-rate="1" branch-rate="1" complexity="1">
              <lines>
                <line number="9" hits="1" branch="False" />
                <line number="10" hits="1" branch="False" />
              </lines>
            </method>
          </methods>
          <lines>
            <line number="13" hits="6" branch="False" />
            <line number="14" hits="6" branch="False" />
            <line number="16" hits="2" branch="False" />
            <line number="17" hits="2" branch="False" />
            <line number="19" hits="2" branch="False" />
            <line number="20" hits="2" branch="False" />
            <line number="23" hits="6" branch="False" />
            <line number="24" hits="6" branch="False" />
            <line number="25" hits="6" branch="False" />
            <line number="26" hits="6" branch="False" />
            <line number="27" hits="6" branch="False" />
            <line number="31" hits="6" branch="True" condition-coverage="100% (4/4)">
              <conditions>
                <condition number="42" type="jump" coverage="100%" />
                <condition number="59" type="jump" coverage="100%" />
              </conditions>
            </line>
            <line number="32" hits="2" branch="False" />
            <line number="34" hits="4" branch="True" condition-coverage="100% (4/4)">
              <conditions>
                <condition number="74" type="jump" coverage="100%" />
                <condition number="91" type="jump" coverage="100%" />
              </conditions>
            </line>
            <line number="35" hits="2" branch="False" />
            <line number="37" hits="2" branch="False" />
            <line number="41" hits="4" branch="False" />
            <line number="43" hits="36" branch="True" condition-coverage="100% (2/2)">
              <conditions>
                <condition number="222" type="jump" coverage="100%" />
              </conditions>
            </line>
            <line number="44" hits="16" branch="False" />
            <line number="45" hits="16" branch="False" />
            <line number="46" hits="352" branch="True" condition-coverage="100% (2/2)">
              <conditions>
                <condition number="204" type="jump" coverage="100%" />
              </conditions>
            </line>
            <line number="47" hits="160" branch="False" />
            <line number="48" hits="160" branch="False" />
            <line number="49" hits="160" branch="True" condition-coverage="100% (2/2)">
              <conditions>
                <condition number="176" type="jump" coverage="100%" />
              </conditions>
            </line>
            <line number="50" hits="2" branch="False" />
            <line number="51" hits="2" branch="False" />
            <line number="52" hits="2" branch="False" />
            <line number="53" hits="2" branch="False" />
            <line number="54" hits="160" branch="False" />
            <line number="55" hits="16" branch="False" />
            <line number="56" hits="2" branch="False" />
            <line number="57" hits="2" branch="False" />
            <line number="60" hits="2" branch="False" />
            <line number="61" hits="2" branch="False" />
            <line number="62" hits="2" branch="False" />
            <line number="64" hits="2" branch="False" />
            <line number="65" hits="2" branch="False" />
            <line number="67" hits="62" branch="True" condition-coverage="50% (1/2)">
              <conditions>
                <condition number="247" type="jump" coverage="50%" />
              </conditions>
            </line>
            <line number="68" hits="62" branch="False" />
            <line number="69" hits="62" branch="False" />
            <line number="71" hits="62" branch="True" condition-coverage="100% (4/4)">
              <conditions>
                <condition number="76" type="jump" coverage="100%" />
                <condition number="91" type="jump" coverage="100%" />
              </conditions>
            </line>
            <line number="72" hits="2" branch="False" />
            <line number="73" hits="2" branch="False" />
            <line number="76" hits="600" branch="True" condition-coverage="100% (2/2)">
              <conditions>
                <condition number="231" type="jump" coverage="100%" />
              </conditions>
            </line>
            <line number="77" hits="240" branch="False" />
            <line number="78" hits="240" branch="False" />
            <line number="79" hits="240" branch="False" />
            <line number="81" hits="240" branch="True" condition-coverage="100% (6/6)">
              <conditions>
                <condition number="144" type="jump" coverage="100%" />
                <condition number="158" type="jump" coverage="100%" />
                <condition number="180" type="jump" coverage="100%" />
              </conditions>
            </line>
            <line number="82" hits="63" branch="False" />
            <line number="83" hits="63" branch="False" />
            <line number="84" hits="63" branch="False" />
            <line number="85" hits="63" branch="False" />
            <line number="86" hits="240" branch="False" />
            <line number="87" hits="60" branch="False" />
            <line number="89" hits="0" branch="False" />
            <line number="90" hits="2" branch="False" />
            <line number="93" hits="2" branch="False" />
            <line number="94" hits="2" branch="False" />
            <line number="95" hits="2" branch="False" />
            <line number="96" hits="2" branch="False" />
            <line number="97" hits="2" branch="False" />
            <line number="99" hits="2" branch="False" />
            <line number="100" hits="2" branch="False" />
            <line number="101" hits="2" branch="False" />
            <line number="102" hits="2" branch="False" />
            <line number="104" hits="57" branch="True" condition-coverage="75% (3/4)">
              <conditions>
                <condition number="389" type="jump" coverage="50%" />
                <condition number="371" type="jump" coverage="100%" />
              </conditions>
            </line>
            <line number="105" hits="57" branch="False" />
            <line number="106" hits="57" branch="True" condition-coverage="100% (2/2)">
              <conditions>
                <condition number="96" type="jump" coverage="100%" />
              </conditions>
            </line>
            <line number="107" hits="48" branch="False" />
            <line number="108" hits="48" branch="False" />
            <line number="110" hits="48" branch="False" />
            <line number="111" hits="48" branch="False" />
            <line number="113" hits="57" branch="True" condition-coverage="100% (2/2)">
              <conditions>
                <condition number="150" type="jump" coverage="100%" />
              </conditions>
            </line>
            <line number="114" hits="57" branch="False" />
            <line number="115" hits="57" branch="False" />
            <line number="117" hits="562" branch="True" condition-coverage="100% (2/2)">
              <conditions>
                <condition number="357" type="jump" coverage="100%" />
              </conditions>
            </line>
            <line number="118" hits="226" branch="False" />
            <line number="119" hits="226" branch="False" />
            <line number="120" hits="226" branch="False" />
            <line number="122" hits="226" branch="True" condition-coverage="100% (6/6)">
              <conditions>
                <condition number="223" type="jump" coverage="100%" />
                <condition number="237" type="jump" coverage="100%" />
                <condition number="259" type="jump" coverage="100%" />
              </conditions>
            </line>
            <line number="123" hits="60" branch="False" />
            <line number="124" hits="60" branch="False" />
            <line number="125" hits="60" branch="False" />
            <line number="127" hits="60" branch="True" condition-coverage="100% (4/4)">
              <conditions>
                <condition number="294" type="jump" coverage="100%" />
                <condition number="310" type="jump" coverage="100%" />
              </conditions>
            </line>
            <line number="128" hits="2" branch="False" />
            <line number="129" hits="2" branch="True" condition-coverage="100% (2/2)">
              <conditions>
                <condition number="327" type="jump" coverage="100%" />
              </conditions>
            </line>
            <line number="130" hits="1" branch="False" />
            <line number="131" hits="1" branch="False" />
            <line number="133" hits="1" branch="False" />
            <line number="135" hits="58" branch="False" />
            <line number="136" hits="224" branch="False" />
            <line number="137" hits="55" branch="False" />
            <line number="138" hits="55" branch="False" />
            <line number="139" hits="0" branch="False" />
            <line number="140" hits="2" branch="False" />
            <line number="143" hits="48" branch="False" />
            <line number="144" hits="476" branch="True" condition-coverage="100% (2/2)">
              <conditions>
                <condition number="196" type="jump" coverage="100%" />
              </conditions>
            </line>
            <line number="145" hits="191" branch="False" />
            <line number="146" hits="191" branch="False" />
            <line number="147" hits="191" branch="False" />
            <line number="149" hits="191" branch="True" condition-coverage="100% (6/6)">
              <conditions>
                <condition number="40" type="jump" coverage="100%" />
                <condition number="52" type="jump" coverage="100%" />
                <condition number="71" type="jump" coverage="100%" />
              </conditions>
            </line>
            <line number="150" hits="49" branch="False" />
            <line number="151" hits="49" branch="False" />
            <line number="152" hits="49" branch="False" />
            <line number="154" hits="396" branch="True" condition-coverage="100% (2/2)">
              <conditions>
                <condition number="163" type="jump" coverage="100%" />
              </conditions>
            </line>
            <line number="155" hits="125" branch="False" />
            <line number="156" hits="125" branch="True" condition-coverage="100% (4/4)">
              <conditions>
                <condition number="136" type="jump" coverage="100%" />
                <condition number="150" type="jump" coverage="100%" />
              </conditions>
            </line>
            <line number="157" hits="1" branch="False" />
            <line number="158" hits="1" branch="False" />
            <line number="160" hits="124" branch="False" />
            <line number="161" hits="48" branch="False" />
            <line number="162" hits="190" branch="False" />
            <line number="163" hits="48" branch="False" />
            <line number="166" hits="657" branch="False" />
            <line number="167" hits="657" branch="True" condition-coverage="50% (3/6)">
              <conditions>
                <condition number="3" type="jump" coverage="50%" />
                <condition number="7" type="jump" coverage="50%" />
                <condition number="11" type="jump" coverage="50%" />
              </conditions>
            </line>
            <line number="168" hits="657" branch="False" />
            <line number="171" hits="2" branch="False" />
            <line number="172" hits="2" branch="False" />
            <line number="173" hits="2" branch="False" />
            <line number="174" hits="2" branch="False" />
            <line number="175" hits="2" branch="True" condition-coverage="100% (2/2)">
              <conditions>
                <condition number="19" type="jump" coverage="100%" />
              </conditions>
            </line>
            <line number="176" hits="2" branch="False" />
            <line number="177" hits="2" branch="False" />
            <line number="9" hits="1" branch="False" />
            <line number="10" hits="1" branch="False" />
          </lines>
        </class>
      </classes>
    </package>
    <package name="lab3.Tests" line-rate="0.9823999999999999" branch-rate="1" complexity="7">
      <classes>
        <class name="AutoGeneratedProgram" filename=".nuget\packages\microsoft.net.test.sdk\17.8.0\build\netcoreapp3.1\Microsoft.NET.Test.Sdk.Program.cs" line-rate="0" branch-rate="1" complexity="1">
          <methods>
            <method name="Main" signature="(System.String[])" line-rate="0" branch-rate="1" complexity="1">
              <lines>
                <line number="4" hits="0" branch="False" />
              </lines>
            </method>
          </methods>
          <lines>
            <line number="4" hits="0" branch="False" />
          </lines>
        </class>
        <class name="lab3.Tests.UnitTest1" filename="source\repos\lab1\lab3.Tests\UnitTest1.cs" line-rate="1" branch-rate="1" complexity="6">
          <methods>
            <method name="Test1" signature="()" line-rate="1" branch-rate="1" complexity="1">
              <lines>
                <line number="7" hits="1" branch="False" />
                <line number="9" hits="1" branch="False" />
                <line number="10" hits="1" branch="False" />
                <line number="13" hits="1" branch="False" />
                <line number="14" hits="1" branch="False" />
                <line number="15" hits="1" branch="False" />
                <line number="16" hits="1" branch="False" />
                <line number="17" hits="1" branch="False" />
                <line number="18" hits="1" branch="False" />
                <line number="19" hits="1" branch="False" />
                <line number="20" hits="1" branch="False" />
                <line number="21" hits="1" branch="False" />
                <line number="24" hits="1" branch="False" />
                <line number="27" hits="1" branch="False" />
                <line number="28" hits="1" branch="False" />
                <line number="29" hits="1" branch="False" />
              </lines>
            </method>
            <method name="Test2" signature="()" line-rate="1" branch-rate="1" complexity="1">
              <lines>
                <line number="32" hits="1" branch="False" />
                <line number="34" hits="1" branch="False" />
                <line number="35" hits="1" branch="False" />
                <line number="38" hits="1" branch="False" />
                <line number="39" hits="1" branch="False" />
                <line number="40" hits="1" branch="False" />
                <line number="41" hits="1" branch="False" />
                <line number="42" hits="1" branch="False" />
                <line number="43" hits="1" branch="False" />
                <line number="44" hits="1" branch="False" />
                <line number="45" hits="1" branch="False" />
                <line number="46" hits="1" branch="False" />
                <line number="49" hits="1" branch="False" />
                <line number="52" hits="1" branch="False" />
                <line number="53" hits="1" branch="False" />
                <line number="54" hits="1" branch="False" />
              </lines>
            </method>
            <method name="Test_InvalidNValue_TooLow_ShouldThrowException" signature="()" line-rate="1" branch-rate="1" complexity="1">
              <lines>
                <line number="58" hits="1" branch="False" />
                <line number="60" hits="1" branch="False" />
                <line number="61" hits="1" branch="False" />
                <line number="64" hits="2" branch="False" />
                <line number="65" hits="1" branch="False" />
                <line number="66" hits="1" branch="False" />
              </lines>
            </method>
            <method name="Test_InvalidNValue_TooHigh_ShouldThrowException" signature="()" line-rate="1" branch-rate="1" complexity="1">
              <lines>
                <line number="70" hits="1" branch="False" />
                <line number="72" hits="1" branch="False" />
                <line number="73" hits="1" branch="False" />
                <line number="76" hits="2" branch="False" />
                <line number="77" hits="1" branch="False" />
                <line number="78" hits="1" branch="False" />
              </lines>
            </method>
            <method name="Test_InvalidMValue_TooLow_ShouldThrowException" signature="()" line-rate="1" branch-rate="1" complexity="1">
              <lines>
                <line number="82" hits="1" branch="False" />
                <line number="84" hits="1" branch="False" />
                <line number="85" hits="1" branch="False" />
                <line number="88" hits="2" branch="False" />
                <line number="89" hits="1" branch="False" />
                <line number="90" hits="1" branch="False" />
              </lines>
            </method>
            <method name="Test_InvalidMValue_TooHigh_ShouldThrowException" signature="()" line-rate="1" branch-rate="1" complexity="1">
              <lines>
                <line number="94" hits="1" branch="False" />
                <line number="96" hits="1" branch="False" />
                <line number="97" hits="1" branch="False" />
                <line number="100" hits="2" branch="False" />
                <line number="101" hits="1" branch="False" />
                <line number="102" hits="1" branch="False" />
              </lines>
            </method>
          </methods>
          <lines>
            <line number="7" hits="1" branch="False" />
            <line number="9" hits="1" branch="False" />
            <line number="10" hits="1" branch="False" />
            <line number="13" hits="1" branch="False" />
            <line number="14" hits="1" branch="False" />
            <line number="15" hits="1" branch="False" />
            <line number="16" hits="1" branch="False" />
            <line number="17" hits="1" branch="False" />
            <line number="18" hits="1" branch="False" />
            <line number="19" hits="1" branch="False" />
            <line number="20" hits="1" branch="False" />
            <line number="21" hits="1" branch="False" />
            <line number="24" hits="1" branch="False" />
            <line number="27" hits="1" branch="False" />
            <line number="28" hits="1" branch="False" />
            <line number="29" hits="1" branch="False" />
            <line number="32" hits="1" branch="False" />
            <line number="34" hits="1" branch="False" />
            <line number="35" hits="1" branch="False" />
            <line number="38" hits="1" branch="False" />
            <line number="39" hits="1" branch="False" />
            <line number="40" hits="1" branch="False" />
            <line number="41" hits="1" branch="False" />
            <line number="42" hits="1" branch="False" />
            <line number="43" hits="1" branch="False" />
            <line number="44" hits="1" branch="False" />
            <line number="45" hits="1" branch="False" />
            <line number="46" hits="1" branch="False" />
            <line number="49" hits="1" branch="False" />
            <line number="52" hits="1" branch="False" />
            <line number="53" hits="1" branch="False" />
            <line number="54" hits="1" branch="False" />
            <line number="58" hits="1" branch="False" />
            <line number="60" hits="1" branch="False" />
            <line number="61" hits="1" branch="False" />
            <line number="64" hits="2" branch="False" />
            <line number="65" hits="1" branch="False" />
            <line number="66" hits="1" branch="False" />
            <line number="70" hits="1" branch="False" />
            <line number="72" hits="1" branch="False" />
            <line number="73" hits="1" branch="False" />
            <line number="76" hits="2" branch="False" />
            <line number="77" hits="1" branch="False" />
            <line number="78" hits="1" branch="False" />
            <line number="82" hits="1" branch="False" />
            <line number="84" hits="1" branch="False" />
            <line number="85" hits="1" branch="False" />
            <line number="88" hits="2" branch="False" />
            <line number="89" hits="1" branch="False" />
            <line number="90" hits="1" branch="False" />
            <line number="94" hits="1" branch="False" />
            <line number="96" hits="1" branch="False" />
            <line number="97" hits="1" branch="False" />
            <line number="100" hits="2" branch="False" />
            <line number="101" hits="1" branch="False" />
            <line number="102" hits="1" branch="False" />
          </lines>
        </class>
      </classes>
    </package>
  </packages>
</coverage>